0 verbose cli C:\Program Files\nodejs\node.exe C:\Program Files\nodejs\node_modules\npm\bin\npm-cli.js
1 info using npm@11.9.0
2 info using node@v24.14.0
3 silly config load:file:C:\Program Files\nodejs\node_modules\npm\npmrc
4 silly config load:file:C:\Users\24607\Desktop\项目\EchoMind\python版本\EnterpriseMind\.npmrc
5 silly config load:file:C:\Users\24607\.npmrc
6 silly config load:file:C:\Users\24607\AppData\Roaming\npm\etc\npmrc
7 verbose title npm view eslint version
8 verbose argv "--cache" ".npm-cache" "view" "eslint" "version"
9 verbose logfile logs-max:10 dir:C:\Users\24607\Desktop\项目\EchoMind\python版本\EnterpriseMind\.npm-cache\_logs\2026-06-21T15_17_26_028Z-
10 verbose logfile C:\Users\24607\Desktop\项目\EchoMind\python版本\EnterpriseMind\.npm-cache\_logs\2026-06-21T15_17_26_028Z-debug-0.log
11 silly logfile start cleaning logs, removing 1 files
12 silly logfile done cleaning log files
13 http fetch GET 200 https://registry.npmjs.org/eslint 5778ms (cache miss)
14 verbose cwd C:\Users\24607\Desktop\项目\EchoMind\python版本\EnterpriseMind
15 verbose os Windows_NT 10.0.19045
16 verbose node v24.14.0
17 verbose npm  v11.9.0
18 verbose exit 0
19 info ok
